This is pdfTeX, Version 3.1415926-2.4-1.40.13 (TeX Live 2012) (format=pdflatex 2012.6.30)  4 SEP 2015 19:10
entering extended mode
 restricted \write18 enabled.
 %&-line parsing enabled.
**\input abbreviatedsurvey.tex
(./abbreviatedsurvey.tex
(/usr/local/texlive/2012/texmf-dist/tex/latex/base/article.cls
Document Class: article 2007/10/19 v1.4h Standard LaTeX document class
(/usr/local/texlive/2012/texmf-dist/tex/latex/base/size10.clo
File: size10.clo 2007/10/19 v1.4h Standard LaTeX file (size option)
)
\c@part=\count79
\c@section=\count80
\c@subsection=\count81
\c@subsubsection=\count82
\c@paragraph=\count83
\c@subparagraph=\count84
\c@figure=\count85
\c@table=\count86
\abovecaptionskip=\skip41
\belowcaptionskip=\skip42
\bibindent=\dimen102
)
(/usr/local/texlive/2012/texmf-dist/tex/latex/enumitem/enumitem.sty
Package: enumitem 2011/09/28 v3.5.2 Customized lists
\enitkv@toks@=\toks14
\labelindent=\skip43
\enit@outerparindent=\dimen103
\enit@toks=\toks15
\enit@inbox=\box26
\enitdp@description=\count87
)
(./abbreviatedsurvey.aux)
\openout1 = `abbreviatedsurvey.aux'.

LaTeX Font Info:    Checking defaults for OML/cmm/m/it on input line 5.
LaTeX Font Info:    ... okay on input line 5.
LaTeX Font Info:    Checking defaults for T1/cmr/m/n on input line 5.
LaTeX Font Info:    ... okay on input line 5.
LaTeX Font Info:    Checking defaults for OT1/cmr/m/n on input line 5.
LaTeX Font Info:    ... okay on input line 5.
LaTeX Font Info:    Checking defaults for OMS/cmsy/m/n on input line 5.
LaTeX Font Info:    ... okay on input line 5.
LaTeX Font Info:    Checking defaults for OMX/cmex/m/n on input line 5.
LaTeX Font Info:    ... okay on input line 5.
LaTeX Font Info:    Checking defaults for U/cmr/m/n on input line 5.
LaTeX Font Info:    ... okay on input line 5.
LaTeX Font Info:    External font `cmex10' loaded for size
(Font)              <12> on input line 7.
LaTeX Font Info:    External font `cmex10' loaded for size
(Font)              <8> on input line 7.
LaTeX Font Info:    External font `cmex10' loaded for size
(Font)              <6> on input line 7.


LaTeX Warning: No \author given.

[1

{/usr/local/texlive/2012/texmf-var/fonts/map/pdftex/updmap/pdftex.map}]
[2]
Overfull \hbox (4.45787pt too wide) in paragraph at lines 111--113
[]\OT1/cmr/bx/n/10 Has your house-hold faced any health shocks in the last 12 m
onths?
 []

[3]
Overfull \hbox (31.03304pt too wide) in paragraph at lines 163--165
[]\OT1/cmr/bx/n/10 Please rate how will-ing you are to take agri-cul-tural risk
s. \OT1/cmr/m/it/10 risk[]agricultural
 []


Underfull \hbox (badness 10000) in paragraph at lines 163--165

 []

[4] [5] [6] [7] [8] [9]
Overfull \hbox (6.56505pt too wide) in paragraph at lines 383--385
[]\OT1/cmr/bx/n/10 How many pay-ments were re-ceived within the last 12 months?

 []

[10] [11] [12] [13] [14] [15] [16] [17] [18] [19] [20] (./abbreviatedsurvey.aux
) ) 
Here is how much of TeX's memory you used:
 519 strings out of 493488
 7403 string characters out of 3141326
 60697 words of memory out of 3000000
 3895 multiletter control sequences out of 15000+200000
 7638 words of font info for 27 fonts, out of 3000000 for 9000
 957 hyphenation exceptions out of 8191
 23i,6n,17p,248b,447s stack positions out of 5000i,500n,10000p,200000b,50000s
</usr/local/texlive/2012/texmf-dist/fonts/type1/public/amsfonts/cm/cmbx10.pf
b></usr/local/texlive/2012/texmf-dist/fonts/type1/public/amsfonts/cm/cmbx8.pfb>
</usr/local/texlive/2012/texmf-dist/fonts/type1/public/amsfonts/cm/cmr10.pfb></
usr/local/texlive/2012/texmf-dist/fonts/type1/public/amsfonts/cm/cmr12.pfb></us
r/local/texlive/2012/texmf-dist/fonts/type1/public/amsfonts/cm/cmr17.pfb></usr/
local/texlive/2012/texmf-dist/fonts/type1/public/amsfonts/cm/cmti10.pfb>
Output written on abbreviatedsurvey.pdf (20 pages, 109612 bytes).
PDF statistics:
 93 PDF objects out of 1000 (max. 8388607)
 64 compressed objects within 1 object stream
 0 named destinations out of 1000 (max. 500000)
 1 words of extra memory for PDF output out of 10000 (max. 10000000)

